[0.015s] Invoking command in '/home/student/ros2_ws/src/sprint/build/sprint3': CMAKE_PREFIX_PATH=${CMAKE_PREFIX_PATH}:/home/student/ros2_ws/install/turtlebot3_teleop:/home/student/ros2_ws/install/turtlebot3_example:/home/student/ros2_ws/install/rtabmap_python:/opt/ros/humble /usr/bin/cmake /home/student/ros2_ws/src/sprint/sprint3 -DAMENT_CMAKE_SYMLINK_INSTALL=1 -DCMAKE_INSTALL_PREFIX=/home/student/ros2_ws/src/sprint/install/sprint3
[0.155s] -- The C compiler identification is GNU 11.4.0
[0.222s] -- The CXX compiler identification is GNU 11.4.0
[0.231s] -- Detecting C compiler ABI info
[0.321s] -- Detecting C compiler ABI info - done
[0.329s] -- Check for working C compiler: /usr/bin/cc - skipped
[0.330s] -- Detecting C compile features
[0.334s] -- Detecting C compile features - done
[0.349s] -- Detecting CXX compiler ABI info
[0.467s] -- Detecting CXX compiler ABI info - done
[0.476s] -- Check for working CXX compiler: /usr/bin/c++ - skipped
[0.476s] -- Detecting CXX compile features
[0.476s] -- Detecting CXX compile features - done
[0.482s] -- Found ament_cmake: 1.3.10 (/opt/ros/humble/share/ament_cmake/cmake)
[0.679s] -- Found Python3: /usr/bin/python3 (found version "3.10.12") found components: Interpreter 
[0.760s] -- Override CMake install command with custom implementation using symlinks instead of copying resources
[0.826s] -- Found ament_lint_auto: 0.12.11 (/opt/ros/humble/share/ament_lint_auto/cmake)
[0.953s] -- Added test 'cppcheck' to perform static code analysis on C / C++ code
[0.953s] -- Configured cppcheck include dirs: 
[0.953s] -- Configured cppcheck exclude dirs and/or files: 
[0.956s] -- Added test 'lint_cmake' to check CMake code style
[0.964s] -- Added test 'uncrustify' to check C / C++ code style
[0.964s] -- Configured uncrustify additional arguments: 
[0.965s] -- Added test 'xmllint' to check XML markup files
[0.968s] -- Configuring done
[0.971s] -- Generating done
[0.972s] -- Build files have been written to: /home/student/ros2_ws/src/sprint/build/sprint3
[0.978s] Invoked command in '/home/student/ros2_ws/src/sprint/build/sprint3' returned '0': CMAKE_PREFIX_PATH=${CMAKE_PREFIX_PATH}:/home/student/ros2_ws/install/turtlebot3_teleop:/home/student/ros2_ws/install/turtlebot3_example:/home/student/ros2_ws/install/rtabmap_python:/opt/ros/humble /usr/bin/cmake /home/student/ros2_ws/src/sprint/sprint3 -DAMENT_CMAKE_SYMLINK_INSTALL=1 -DCMAKE_INSTALL_PREFIX=/home/student/ros2_ws/src/sprint/install/sprint3
[0.980s] Invoking command in '/home/student/ros2_ws/src/sprint/build/sprint3': CMAKE_PREFIX_PATH=${CMAKE_PREFIX_PATH}:/home/student/ros2_ws/install/turtlebot3_teleop:/home/student/ros2_ws/install/turtlebot3_example:/home/student/ros2_ws/install/rtabmap_python:/opt/ros/humble /usr/bin/cmake --build /home/student/ros2_ws/src/sprint/build/sprint3 -- -j8 -l8
[1.036s] Invoked command in '/home/student/ros2_ws/src/sprint/build/sprint3' returned '0': CMAKE_PREFIX_PATH=${CMAKE_PREFIX_PATH}:/home/student/ros2_ws/install/turtlebot3_teleop:/home/student/ros2_ws/install/turtlebot3_example:/home/student/ros2_ws/install/rtabmap_python:/opt/ros/humble /usr/bin/cmake --build /home/student/ros2_ws/src/sprint/build/sprint3 -- -j8 -l8
[1.085s] Invoking command in '/home/student/ros2_ws/src/sprint/build/sprint3': CMAKE_PREFIX_PATH=${CMAKE_PREFIX_PATH}:/home/student/ros2_ws/install/turtlebot3_teleop:/home/student/ros2_ws/install/turtlebot3_example:/home/student/ros2_ws/install/rtabmap_python:/opt/ros/humble /usr/bin/cmake --install /home/student/ros2_ws/src/sprint/build/sprint3
[1.096s] -- Install configuration: ""
[1.097s] -- Execute custom install script
[1.097s] -- Symlinking: /home/student/ros2_ws/src/sprint/install/sprint3/share/ament_index/resource_index/package_run_dependencies/sprint3
[1.110s] -- Symlinking: /home/student/ros2_ws/src/sprint/install/sprint3/share/ament_index/resource_index/parent_prefix_path/sprint3
[1.122s] -- Symlinking: /home/student/ros2_ws/src/sprint/install/sprint3/share/sprint3/environment/ament_prefix_path.sh
[1.135s] -- Symlinking: /home/student/ros2_ws/src/sprint/install/sprint3/share/sprint3/environment/ament_prefix_path.dsv
[1.152s] -- Symlinking: /home/student/ros2_ws/src/sprint/install/sprint3/share/sprint3/environment/path.sh
[1.167s] -- Symlinking: /home/student/ros2_ws/src/sprint/install/sprint3/share/sprint3/environment/path.dsv
[1.180s] -- Symlinking: /home/student/ros2_ws/src/sprint/install/sprint3/share/sprint3/local_setup.bash
[1.193s] -- Symlinking: /home/student/ros2_ws/src/sprint/install/sprint3/share/sprint3/local_setup.sh
[1.205s] -- Symlinking: /home/student/ros2_ws/src/sprint/install/sprint3/share/sprint3/local_setup.zsh
[1.218s] -- Symlinking: /home/student/ros2_ws/src/sprint/install/sprint3/share/sprint3/local_setup.dsv
[1.231s] -- Symlinking: /home/student/ros2_ws/src/sprint/install/sprint3/share/sprint3/package.dsv
[1.248s] -- Symlinking: /home/student/ros2_ws/src/sprint/install/sprint3/share/ament_index/resource_index/packages/sprint3
[1.265s] -- Symlinking: /home/student/ros2_ws/src/sprint/install/sprint3/share/sprint3/cmake/sprint3Config.cmake
[1.277s] -- Symlinking: /home/student/ros2_ws/src/sprint/install/sprint3/share/sprint3/cmake/sprint3Config-version.cmake
[1.289s] -- Symlinking: /home/student/ros2_ws/src/sprint/install/sprint3/share/sprint3/package.xml
[1.311s] Invoked command in '/home/student/ros2_ws/src/sprint/build/sprint3' returned '0': CMAKE_PREFIX_PATH=${CMAKE_PREFIX_PATH}:/home/student/ros2_ws/install/turtlebot3_teleop:/home/student/ros2_ws/install/turtlebot3_example:/home/student/ros2_ws/install/rtabmap_python:/opt/ros/humble /usr/bin/cmake --install /home/student/ros2_ws/src/sprint/build/sprint3
